Arguments: 
  C:\Program Files\nodejs\node.exe C:\Users\limingzheng\AppData\Roaming\npm\node_modules\yarn\bin\yarn.js

PATH: 
  C:\Program Files\VanDyke Software\SecureFX\;C:\ProgramData\Oracle\Java\javapath;C:\Program Files (x86)\Intel\iCLS Client\;C:\Program Files\Intel\iCLS Client\;C:\Windows\system32;C:\Windows;C:\Windows\System32\Wbem;C:\Windows\System32\WindowsPowerShell\v1.0\;C:\Program Files (x86)\Intel\Intel(R) Management Engine Components\DAL;C:\Program Files\Intel\Intel(R) Management Engine Components\DAL;C:\Program Files (x86)\Intel\Intel(R) Management Engine Components\IPT;C:\Program Files\Intel\Intel(R) Management Engine Components\IPT;C:\Program Files (x86)\NVIDIA Corporation\PhysX\Common;C:\WINDOWS\system32;C:\WINDOWS;C:\WINDOWS\System32\Wbem;C:\WINDOWS\System32\WindowsPowerShell\v1.0\;C:\Program Files\Git\cmd;C:\Users\limingzheng\AppData\Roaming\npm;C:\Program Files\Java\jdk1.8.0_112\bin;C:\Program Files\Java\jre1.8.0_112\bin;C:\Program Files\Java\jdk1.8.0_25\lib;C:\Program Files\apache-tomcat-9.0.0.M15\bin;C:\Program Files (x86)\Google\Chrome\Application;C:\Program Files\MongoDB\Server\3.4\bin;C:\Program Files\TortoiseSVN\bin;C:\Program Files\VisualSVN Server\bin;C:\Program Files\Intel\WiFi\bin\;C:\Program Files\Common Files\Intel\WirelessCommon\;C:\Users\limingzheng\AppData\Local\Android\Sdk\tools;C:\Users\limingzheng\AppData\Local\Android\Sdk\platform-tools;C:\ProgramData\chocolatey\bin;C:\Program Files\nodejs\;C:\Users\limingzheng\AppData\Local\Microsoft\WindowsApps;C:\Program Files\Microsoft VS Code\bin;C:\Users\limingzheng\AppData\Local\atom\bin;C:\Users\limingzheng\AppData\Local\Microsoft\WindowsApps;C:\Users\limingzheng\AppData\Local\GitHubDesktop\bin;C:\Users\limingzheng\AppData\Roaming\npm

Yarn version: 
  1.3.2

Node version: 
  9.4.0

Platform: 
  win32 x64

npm manifest: 
  {
    "private": true,
    "scripts": {
      "start": "roadhog server",
      "build": "roadhog build",
      "lint": "eslint --ext .js src test",
      "precommit": "npm run lint"
    },
    "dependencies": {
      "@babel/polyfill": "^7.0.0-beta.47",
      "antd": "^3.5.2",
      "babel-plugin-import": "^1.7.0",
      "dva": "^2.2.3",
      "react": "^16.3.2",
      "react-dom": "^16.3.2"
    },
    "devDependencies": {
      "babel-plugin-dva-hmr": "^0.3.2",
      "eslint": "^4.14.0",
      "eslint-config-umi": "^0.1.1",
      "eslint-plugin-flowtype": "^2.34.1",
      "eslint-plugin-import": "^2.6.0",
      "eslint-plugin-jsx-a11y": "^5.1.1",
      "eslint-plugin-react": "^7.1.0",
      "husky": "^0.12.0",
      "redbox-react": "^1.4.3",
      "roadhog": "^2.0.0"
    }
  }

yarn manifest: 
  No manifest

Lockfile: 
  No lockfile

Trace: 
  Error: ENOENT: no such file or directory, copyfile 'C:\Users\limingzheng\AppData\Local\Yarn\cache\v1\npm-define-property-2.0.2-d459689e8d654ba77e02a817f8710d702cb16e9d\CHANGELOG.md' -> 'D:\work\disclosure-ad\node_modules\anymatch\node_modules\define-property\CHANGELOG.md'
